[2026-05-30 15:36:22] 数据环境：prod，目标 JSON：/Users/bytedance/AICover_2.0/public/data/meme/meme_candidates.json
[2026-05-30 15:36:26] ✅ 成功自动获取最新的 JWT Token
[2026-05-30 15:36:26] ⏭️ 跳过：Sup Giraffe GIF | status=generated（只处理 status:pending）
[2026-05-30 15:36:26] ⏭️ 跳过：Bob Ross Omg GIF by Originals | status=generated（只处理 status:pending）
[2026-05-30 15:36:26] ⏭️ 跳过：Confused Disbelief | status=generated（只处理 status:pending）
[2026-05-30 15:36:26] ⏭️ 跳过：Joe Biden Smile GIF | status=rejected（只处理 status:pending）
[2026-05-30 15:36:26] ⏭️ 跳过：Will Ferrell Wow GIF by slicedbread | status=generated（只处理 status:pending）
[2026-05-30 15:36:26] ⏭️ 跳过：The Simpsons Popcorn GIF by slicedbread | status=generate_failed（只处理 status:pending）
[2026-05-30 15:36:26] ⏭️ 跳过：The Simpsons Ok GIF by slicedbread | status=generated（只处理 status:pending）
[2026-05-30 15:36:26] ⏭️ 跳过：Season 8 Nbc GIF by The Office | status=rejected（只处理 status:pending）
[2026-05-30 15:36:26] ⏭️ 跳过：Happy Stephen Curry GIF by NBC Olympics | status=generated（只处理 status:pending）
[2026-05-30 15:36:26] ⏭️ 跳过：me irl | status=generated（只处理 status:pending）
[2026-05-30 15:36:26] ⏭️ 跳过：me_irl | status=rejected（只处理 status:pending）
[2026-05-30 15:36:26] ⏭️ 跳过：Me_irl | status=rejected（只处理 status:pending）
[2026-05-30 15:36:26] ⏭️ 跳过：me_irl | status=rejected（只处理 status:pending）
[2026-05-30 15:36:26] ⏭️ 跳过：me_irl | status=rejected（只处理 status:pending）
[2026-05-30 15:36:26] ⏭️ 跳过：me_irl | status=rejected（只处理 status:pending）
[2026-05-30 15:36:26] ⏭️ 跳过：me_irl | status=rejected（只处理 status:pending）
[2026-05-30 15:36:26] ⏭️ 跳过：Me_irl | status=rejected（只处理 status:pending）
[2026-05-30 15:36:26] ⏭️ 跳过：Me_irl | status=rejected（只处理 status:pending）
[2026-05-30 15:36:26] ⏭️ 跳过：Billionaire Space Program Failure | status=generated（只处理 status:pending）
[2026-05-30 15:36:26] ⏭️ 跳过：Confused at lowball offer | status=generated（只处理 status:pending）
[2026-05-30 15:36:26] ⏭️ 跳过：Unrequited Celebrity Crush | status=generated（只处理 status:pending）
[2026-05-30 15:36:26] ⏭️ 跳过：Post-Coitus Confusion | status=generated（只处理 status:pending）
[2026-05-30 15:36:26] ⏭️ 跳过：MRW the boss asks me what I'm gonna do while they're out of office. | status=rejected（只处理 status:pending）
[2026-05-30 15:36:26] ⏭️ 跳过：Unknown Prison Caller Panic | status=generated（只处理 status:pending）
[2026-05-30 15:36:26] ⏭️ 跳过：MRW I recieve a text that's a painfully obvious phising scam (Claims to be from a DMV in a state that I don't live AND has a contact name that ended in ".ru") | status=rejected（只处理 status:pending）
[2026-05-30 15:36:26] ⏭️ 跳过：Coworker Secret Revealed | status=generated（只处理 status:pending）
[2026-05-30 15:36:26] ⏭️ 跳过：Procrastinating one simple task | status=generated（只处理 status:pending）
[2026-05-30 15:36:26] ⏭️ 跳过：MRW the media says there are four alien species and one of them is “Nordic,” and I’m Swedish | status=rejected（只处理 status:pending）
[2026-05-30 15:36:26] ⏭️ 跳过：Just a friendly reminder... | status=rejected（只处理 status:pending）
[2026-05-30 15:36:26] ⏭️ 跳过："My past doesn't matter" | status=rejected（只处理 status:pending）
[2026-05-30 15:36:26] ⏭️ 跳过：He got me there | status=rejected（只处理 status:pending）
[2026-05-30 15:36:26] ⏭️ 跳过：Holy shit, where do you have to go bro? | status=rejected（只处理 status:pending）
[2026-05-30 15:36:26] ⏭️ 跳过：U.S. x UK x Brazil | status=rejected（只处理 status:pending）
[2026-05-30 15:36:26] ⏭️ 跳过：Step by step, ferociously | status=rejected（只处理 status:pending）
[2026-05-30 15:36:26] ⏭️ 跳过：It took 7 years to make that... | status=rejected（只处理 status:pending）
[2026-05-30 15:36:26] ⏭️ 跳过：Homeownership is just DLC for renting | status=rejected（只处理 status:pending）
[2026-05-30 15:36:26] ⏭️ 跳过：Just because | status=generated（只处理 status:pending）
[2026-05-30 15:36:26] ⏭️ 跳过：Time to step up the faking game | status=rejected（只处理 status:pending）
[2026-05-30 15:36:26] ⏭️ 跳过：One Brain Cell Left | status=rejected（只处理 status:pending）
[2026-05-30 15:36:26] ⏭️ 跳过：Finally Financially Stable | status=generated（只处理 status:pending）
[2026-05-30 15:36:26] ⏭️ 跳过：Wow. All of the performers are pulling out of Freedom 250... | status=rejected（只处理 status:pending）
[2026-05-30 15:36:26] ⏭️ 跳过：Good thing America still has nerds | status=rejected（只处理 status:pending）
[2026-05-30 15:36:26] ⏭️ 跳过：American healthcare is so backwards | status=rejected（只处理 status:pending）
[2026-05-30 15:36:26] ⏭️ 跳过：He gets out of the car, stands there, next to the pillar, for no reason at all.... | status=rejected（只处理 status:pending）
[2026-05-30 15:36:26] ⏭️ 跳过：honestly, i think it’s all of our business at this point. | status=rejected（只处理 status:pending）
[2026-05-30 15:36:26] ⏭️ 跳过：All of the US: can you prosecute people in the Epstein files? The DOJ: | status=rejected（只处理 status:pending）
[2026-05-30 15:36:26] ⏭️ 跳过：The price of freedumb.. | status=rejected（只处理 status:pending）
[2026-05-30 15:36:26] ⏭️ 跳过：I should buy a boat | status=rejected（只处理 status:pending）
[2026-05-30 15:36:26] ⏭️ 跳过：I heard they're killing one and leaving the other. Was it a coinflip? | status=rejected（只处理 status:pending）
[2026-05-30 15:36:26] ⏭️ 跳过：What if.. | status=rejected（只处理 status:pending）
[2026-05-30 15:36:26] ⏭️ 跳过：me_irl | status=rejected（只处理 status:pending）
[2026-05-30 15:36:26] ⏭️ 跳过：me_irl | status=rejected（只处理 status:pending）
[2026-05-30 15:36:26] ⏭️ 跳过：me_irl | status=rejected（只处理 status:pending）
[2026-05-30 15:36:26] ⏭️ 跳过：me_irl | status=rejected（只处理 status:pending）
[2026-05-30 15:36:26] ⏭️ 跳过：me_irl | status=rejected（只处理 status:pending）
[2026-05-30 15:36:26] ⏭️ 跳过：Definitely 😂 | status=rejected（只处理 status:pending）
[2026-05-30 15:36:26] ⏭️ 跳过：Sometimes i lowkey get scared of how accurate he really gets | status=rejected（只处理 status:pending）
[2026-05-30 15:36:26] ⏭️ 跳过：Booktok be wilding sometimes | status=rejected（只处理 status:pending）
[2026-05-30 15:36:26] ⏭️ 跳过：No I wont give my personal data away | status=generated（只处理 status:pending）
[2026-05-30 15:36:26] ⏭️ 跳过：Why? Why?? | status=rejected（只处理 status:pending）
[2026-05-30 15:36:26] ⏭️ 跳过：Biggest lie in world | status=rejected（只处理 status:pending）
[2026-05-30 15:36:26] ⏭️ 跳过：Global economics | status=rejected（只处理 status:pending）
[2026-05-30 15:36:26] ⏭️ 跳过：Tale as old as time | status=rejected（只处理 status:pending）
[2026-05-30 15:36:26] ⏭️ 跳过：Gameoverse meme | status=rejected（只处理 status:pending）
[2026-05-30 15:36:26] 📌 --limit=1，本次最多处理 1 条
[2026-05-30 15:36:26] 📁 发现待生图 pending 候选 1 条: ['giphy_wLK6lCNLfMGDxBgCzh.png']
[2026-05-30 15:36:26] 🚀 开始处理 giphy_wLK6lCNLfMGDxBgCzh.png | mode=full_pipeline
[2026-05-30 15:36:28]       上传成功: https://sf-static.tiktokcdn.com/obj/musically-maliva-obj/aigc_tool/files/wntprxqr81yupj569l9oi98la.png
[2026-05-30 15:36:29]       saveDraft success
[2026-05-30 15:36:30]       submit c9h4ELH success | requestId=f6cfd5e7-1382-4bca-8a61-61e2ee6befd7 | taskId=7645583991000531218 | ref=-
[2026-05-30 15:36:31]       ⏳ 等待 giphy_wLK6lCNLfMGDxBgCzh.png text_prompt 结果... 第 1 次轮询
[2026-05-30 15:36:34]       ⏳ 等待 giphy_wLK6lCNLfMGDxBgCzh.png text_prompt 结果... 第 2 次轮询
[2026-05-30 15:36:38]       ✅ text_prompt 成功: 以图1为内容参考，以图2为风格参考，半身像。卡通黄色皮肤角色，佩戴黑色反戴棒球帽和绿色印花头巾，银色圆环耳饰，身穿简洁白色圆领T恤，呈现一种略带不屑、自信且平淡的表情，双眼微眯，嘴角呈现标志性的抿嘴微笑弧度，双手交叉抱胸，主体呈现 2.5D emoji 风格，柔和矢量渐变，轻微立体感，圆润简洁，高辨识度，白色背景，构图居中，主体占画面 75%–80%，无写实纹理，无描边，无复杂背景。
[2026-05-30 15:36:38]       🎲 开始生成变体 1/3
[2026-05-30 15:36:39]       submit IPCchh5 success | requestId=2d0385ce-e683-4c26-b83f-3dab4de1bb49 | taskId=7645584057794838792 | ref=-
[2026-05-30 15:36:39]       ⏳ 等待 giphy_wLK6lCNLfMGDxBgCzh.png image_generate variant 1 结果... 第 1 次轮询
[2026-05-30 15:36:43]       ⏳ 等待 giphy_wLK6lCNLfMGDxBgCzh.png image_generate variant 1 结果... 第 2 次轮询
[2026-05-30 15:36:46]       ⏳ 等待 giphy_wLK6lCNLfMGDxBgCzh.png image_generate variant 1 结果... 第 3 次轮询
[2026-05-30 15:36:50]       ⏳ 等待 giphy_wLK6lCNLfMGDxBgCzh.png image_generate variant 1 结果... 第 4 次轮询
[2026-05-30 15:36:53]       ⏳ 等待 giphy_wLK6lCNLfMGDxBgCzh.png image_generate variant 1 结果... 第 5 次轮询
[2026-05-30 15:36:57]       ⏳ 等待 giphy_wLK6lCNLfMGDxBgCzh.png image_generate variant 1 结果... 第 6 次轮询
[2026-05-30 15:37:00]       ⏳ 等待 giphy_wLK6lCNLfMGDxBgCzh.png image_generate variant 1 结果... 第 7 次轮询
[2026-05-30 15:37:04]       ⏳ 等待 giphy_wLK6lCNLfMGDxBgCzh.png image_generate variant 1 结果... 第 8 次轮询
[2026-05-30 15:37:07]       ✅ image_generate 变体 1/3 成功: https://lf-crate.ibytedtos.com/obj/tt-crate-aigc-tool-prod-us/aigc_tool/files/crate_v1_0_20260530073702_8d9f5016-b8d6-46a2-ace0-edf7e1dd6813.png
[2026-05-30 15:37:08]       submit lXTkw9W success | requestId=cdab27fc-5c88-4582-b42e-3647c96fe448 | taskId=7645584362716578066 | ref=-
[2026-05-30 15:37:08]       ⏳ 等待 giphy_wLK6lCNLfMGDxBgCzh.png image_remove_bg variant 1 结果... 第 1 次轮询
[2026-05-30 15:37:12]       ⏳ 等待 giphy_wLK6lCNLfMGDxBgCzh.png image_remove_bg variant 1 结果... 第 2 次轮询
[2026-05-30 15:37:15]       ✅ image_remove_bg 变体 1/3 成功: https://lf-crate.ibytedtos.com/obj/tt-crate-aigc-tool-prod-us/aigc_tool/files/crate_v1_0_20260530073713_a740fbf6-9fec-4d5f-b7e4-5759fec12f59.png
[2026-05-30 15:37:18]       ✂️ 1:1 后处理完成 变体 1/3: generated=https://lf-crate.ibytedtos.com/obj/tt-crate-aigc-tool-prod-us/aigc_tool/files/crate_v1_0_20260530073702_8d9f5016-b8d6-46a2-ace0-edf7e1dd6813.png, removed_bg=https://lf-crate.ibytedtos.com/obj/tt-crate-aigc-tool-prod-us/aigc_tool/files/crate_v1_0_20260530073713_a740fbf6-9fec-4d5f-b7e4-5759fec12f59.png
[2026-05-30 15:37:18]       🎲 开始生成变体 2/3
[2026-05-30 15:37:19]       submit IPCchh5 success | requestId=48a9a4f6-92ae-445e-8d3f-8d6af3bfa9e8 | taskId=7645583991000563986 | ref=-
[2026-05-30 15:37:20]       ⏳ 等待 giphy_wLK6lCNLfMGDxBgCzh.png image_generate variant 2 结果... 第 1 次轮询
[2026-05-30 15:37:23]       ⏳ 等待 giphy_wLK6lCNLfMGDxBgCzh.png image_generate variant 2 结果... 第 2 次轮询
[2026-05-30 15:37:27]       ⏳ 等待 giphy_wLK6lCNLfMGDxBgCzh.png image_generate variant 2 结果... 第 3 次轮询
[2026-05-30 15:37:30]       ⏳ 等待 giphy_wLK6lCNLfMGDxBgCzh.png image_generate variant 2 结果... 第 4 次轮询
[2026-05-30 15:37:34]       ⏳ 等待 giphy_wLK6lCNLfMGDxBgCzh.png image_generate variant 2 结果... 第 5 次轮询
[2026-05-30 15:37:37]       ⏳ 等待 giphy_wLK6lCNLfMGDxBgCzh.png image_generate variant 2 结果... 第 6 次轮询
[2026-05-30 15:37:41]       ⏳ 等待 giphy_wLK6lCNLfMGDxBgCzh.png image_generate variant 2 结果... 第 7 次轮询
[2026-05-30 15:37:44]       ✅ image_generate 变体 2/3 成功: https://lf-crate.ibytedtos.com/obj/tt-crate-aigc-tool-prod-us/aigc_tool/files/crate_v1_0_20260530073741_9de75c90-16e4-46b1-a9ff-8816f49b3485.png
[2026-05-30 15:37:45]       submit lXTkw9W success | requestId=f8dac4ae-2ad8-4ede-a354-a0fdf8018ce5 | taskId=7645583991000629522 | ref=-
[2026-05-30 15:37:46]       ⏳ 等待 giphy_wLK6lCNLfMGDxBgCzh.png image_remove_bg variant 2 结果... 第 1 次轮询
[2026-05-30 15:37:49]       ⏳ 等待 giphy_wLK6lCNLfMGDxBgCzh.png image_remove_bg variant 2 结果... 第 2 次轮询
[2026-05-30 15:37:53]       ⏳ 等待 giphy_wLK6lCNLfMGDxBgCzh.png image_remove_bg variant 2 结果... 第 3 次轮询
[2026-05-30 15:37:56]       ✅ image_remove_bg 变体 2/3 成功: https://lf-crate.ibytedtos.com/obj/tt-crate-aigc-tool-prod-us/aigc_tool/files/crate_v1_0_20260530073753_89151b77-c95a-463b-b538-e6998bf18be9.png
[2026-05-30 15:37:59]       ✂️ 1:1 后处理完成 变体 2/3: generated=https://lf-crate.ibytedtos.com/obj/tt-crate-aigc-tool-prod-us/aigc_tool/files/crate_v1_0_20260530073741_9de75c90-16e4-46b1-a9ff-8816f49b3485.png, removed_bg=https://lf-crate.ibytedtos.com/obj/tt-crate-aigc-tool-prod-us/aigc_tool/files/crate_v1_0_20260530073753_89151b77-c95a-463b-b538-e6998bf18be9.png
[2026-05-30 15:37:59]       🎲 开始生成变体 3/3
[2026-05-30 15:38:00]       submit IPCchh5 success | requestId=288bf571-4f00-4030-8d76-598a694821e2 | taskId=7645583991000662290 | ref=-
[2026-05-30 15:38:01]       ⏳ 等待 giphy_wLK6lCNLfMGDxBgCzh.png image_generate variant 3 结果... 第 1 次轮询
[2026-05-30 15:38:04]       ⏳ 等待 giphy_wLK6lCNLfMGDxBgCzh.png image_generate variant 3 结果... 第 2 次轮询
[2026-05-30 15:38:08]       ⏳ 等待 giphy_wLK6lCNLfMGDxBgCzh.png image_generate variant 3 结果... 第 3 次轮询
[2026-05-30 15:38:11]       ⏳ 等待 giphy_wLK6lCNLfMGDxBgCzh.png image_generate variant 3 结果... 第 4 次轮询
[2026-05-30 15:38:15]       ⏳ 等待 giphy_wLK6lCNLfMGDxBgCzh.png image_generate variant 3 结果... 第 5 次轮询
[2026-05-30 15:38:18]       ⏳ 等待 giphy_wLK6lCNLfMGDxBgCzh.png image_generate variant 3 结果... 第 6 次轮询
[2026-05-30 15:38:22]       ⏳ 等待 giphy_wLK6lCNLfMGDxBgCzh.png image_generate variant 3 结果... 第 7 次轮询
[2026-05-30 15:38:25]       ✅ image_generate 变体 3/3 成功: https://lf-crate.ibytedtos.com/obj/tt-crate-aigc-tool-prod-us/aigc_tool/files/crate_v1_0_20260530073821_543125f7-ae5b-459a-a47b-57c962c5bfa4.png
[2026-05-30 15:38:26]       submit lXTkw9W success | requestId=b9bfd580-05d8-4895-a244-4074f307629a | taskId=7645584619215028487 | ref=-
[2026-05-30 15:38:27]       ⏳ 等待 giphy_wLK6lCNLfMGDxBgCzh.png image_remove_bg variant 3 结果... 第 1 次轮询
[2026-05-30 15:38:30]       ⏳ 等待 giphy_wLK6lCNLfMGDxBgCzh.png image_remove_bg variant 3 结果... 第 2 次轮询
[2026-05-30 15:38:34]       ⏳ 等待 giphy_wLK6lCNLfMGDxBgCzh.png image_remove_bg variant 3 结果... 第 3 次轮询
[2026-05-30 15:38:37]       ✅ image_remove_bg 变体 3/3 成功: https://lf-crate.ibytedtos.com/obj/tt-crate-aigc-tool-prod-us/aigc_tool/files/crate_v1_0_20260530073834_41cd5bb7-afb5-4d41-8cbc-ef647cce25e0.png
[2026-05-30 15:38:39]       ✂️ 1:1 后处理完成 变体 3/3: generated=https://lf-crate.ibytedtos.com/obj/tt-crate-aigc-tool-prod-us/aigc_tool/files/crate_v1_0_20260530073821_543125f7-ae5b-459a-a47b-57c962c5bfa4.png, removed_bg=https://lf-crate.ibytedtos.com/obj/tt-crate-aigc-tool-prod-us/aigc_tool/files/crate_v1_0_20260530073834_41cd5bb7-afb5-4d41-8cbc-ef647cce25e0.png
[2026-05-30 15:38:39]       ✅ giphy_wLK6lCNLfMGDxBgCzh.png 完成 3/3 张变体
[2026-05-30 15:38:39] ✅ 已生成并回写 status=generated: giphy_wLK6lCNLfMGDxBgCzh.png | variants=3/3
[2026-05-30 15:38:39] ✅ 完成：成功 1/1 个 pending 候选，失败 0 个（已标记 generate_failed）
